<?xml version="1.0" encoding="UTF-8"?>
<!-- Generated by org.testng.reporters.JUnitXMLReporter -->
<testsuite ignored="1" hostname="DESKTOP-58C21UF" failures="0" tests="2" name="ChromeTest(failed)(failed)" time="14.61" errors="0" timestamp="2022-02-01T15:04:19 IST">
  <testcase classname="test.TestNGActiTimeHeader" name="toVerifyUserTab" time="3.693"/>
  <testcase classname="test.TestNGActiTimeHeader" name="toVerifyTaskTab" time="1.573"/>
  <testcase classname="test.TestNGActiTimeHeader" name="toVerifyReportTab" time="0.0">
    <ignored/>
  </testcase> <!-- toVerifyReportTab -->
</testsuite> <!-- ChromeTest(failed)(failed) -->
