<?xml version="1.0" encoding="UTF-8"?>
<!-- Generated by org.testng.reporters.JUnitXMLReporter -->
<testsuite ignored="1" hostname="DESKTOP-58C21UF" failures="0" tests="2" name="EdgeTest(failed)(failed)" time="13.56" errors="0" timestamp="2022-02-01T15:04:32 IST">
  <testcase classname="test.TestNGActiTimeHeader" name="toVerifyUserTab" time="3.316"/>
  <testcase classname="test.TestNGActiTimeHeader" name="toVerifyTaskTab" time="1.395"/>
  <testcase classname="test.TestNGActiTimeHeader" name="toVerifyReportTab" time="0.0">
    <ignored/>
  </testcase> <!-- toVerifyReportTab -->
</testsuite> <!-- EdgeTest(failed)(failed) -->
