<?xml version="1.0" encoding="UTF-8"?>
<!-- Generated by org.testng.reporters.JUnitXMLReporter -->
<testsuite ignored="0" hostname="DESKTOP-58C21UF" failures="0" tests="3" name="ChromeTest" time="23.807" errors="0" timestamp="2022-02-05T14:08:49 IST">
  <testcase classname="test.TestNGActiTimeHeader" name="toVerifyReportTab" time="4.132"/>
  <testcase classname="test.TestNGActiTimeHeader" name="toVerifyTaskTab" time="2.203"/>
  <testcase classname="test.TestNGActiTimeHeader" name="toVerifyUserTab" time="3.345"/>
</testsuite> <!-- ChromeTest -->
