<?xml version="1.0" encoding="UTF-8"?>
<!-- Generated by org.testng.reporters.JUnitXMLReporter -->
<testsuite ignored="0" hostname="DESKTOP-58C21UF" failures="0" tests="3" name="ChromeTest" time="13.803" errors="0" timestamp="2022-02-05T14:19:12 IST">
  <testcase classname="test.TestNGActiTimeHeader" name="toVerifyReportTab" time="2.12"/>
  <testcase classname="test.TestNGActiTimeHeader" name="toVerifyTaskTab" time="1.251"/>
  <testcase classname="test.TestNGActiTimeHeader" name="toVerifyUserTab" time="1.826"/>
</testsuite> <!-- ChromeTest -->
