<?xml version="1.0" encoding="UTF-8"?>
<!-- Generated by org.testng.reporters.JUnitXMLReporter -->
<testsuite ignored="0" hostname="DESKTOP-58C21UF" failures="0" tests="3" name="clases" time="19.561" errors="0" timestamp="2022-01-28T09:11:19 IST">
  <testcase classname="test.TestNGActiTimeHeader" name="toVerifyReportTab" time="3.328"/>
  <testcase classname="test.TestNGActiTimeHeader" name="toVerifyTaskTab" time="1.688"/>
  <testcase classname="test.TestNGActiTimeHeader" name="toVerifyUserTab" time="2.597"/>
</testsuite> <!-- clases -->
