<?xml version="1.0" encoding="UTF-8"?>
<!-- Generated by org.testng.reporters.JUnitXMLReporter -->
<testsuite ignored="0" hostname="DESKTOP-58C21UF" failures="0" tests="3" name="Classes" time="16.563" errors="0" timestamp="2022-01-28T09:14:28 IST">
  <testcase classname="test.TestNGActiTimeHeader" name="toVerifyReportTab" time="4.381"/>
  <testcase classname="test.TestNGActiTimeHeader" name="toVerifyTaskTab" time="1.567"/>
  <testcase classname="test.TestNGActiTimeHeader" name="toVerifyUserTab" time="2.338"/>
</testsuite> <!-- Classes -->
