<?xml version="1.0" encoding="UTF-8"?>
<!-- Generated by org.testng.reporters.JUnitXMLReporter -->
<testsuite ignored="0" hostname="DESKTOP-58C21UF" failures="0" tests="3" name="EdgeTest" time="24.728" errors="0" timestamp="2022-02-05T14:09:13 IST">
  <testcase classname="test.TestNGActiTimeHeader" name="toVerifyReportTab" time="5.752"/>
  <testcase classname="test.TestNGActiTimeHeader" name="toVerifyTaskTab" time="3.046"/>
  <testcase classname="test.TestNGActiTimeHeader" name="toVerifyUserTab" time="3.207"/>
</testsuite> <!-- EdgeTest -->
