<?xml version="1.0" encoding="UTF-8"?>
<!-- Generated by org.testng.reporters.JUnitXMLReporter -->
<testsuite ignored="0" hostname="DESKTOP-58C21UF" failures="0" tests="3" name="EdgeTest" time="8.79" errors="0" timestamp="2022-01-28T20:51:50 IST">
  <testcase classname="test.TestNGActiTimeHeader" name="@BeforeMethod launchActiTime" time="0.001">
    <failure type="java.lang.Error" message="Unresolved compilation problems: 
	Unhandled exception type IOException
	Unhandled exception type IOException
">
      <![CDATA[java.lang.Error: Unresolved compilation problems: 
Unhandled exception type IOException
Unhandled exception type IOException

at test.TestNGActiTimeHeader.launchActiTime(TestNGActiTimeHeader.java:74)
at java.base/java.util.ArrayList.forEach(ArrayList.java:1511)
... Removed 31 stack frames]]>
    </failure>
  </testcase> <!-- @BeforeMethod launchActiTime -->
  <testcase classname="test.TestNGActiTimeHeader" name="@AfterMethod logoutFromActiTime" time="-1.64338331048E9">
    <skipped/>
  </testcase> <!-- @AfterMethod logoutFromActiTime -->
  <testcase classname="test.TestNGActiTimeHeader" name="@BeforeMethod launchActiTime" time="-1.64338331049E9">
    <skipped/>
  </testcase> <!-- @BeforeMethod launchActiTime -->
  <testcase classname="test.TestNGActiTimeHeader" name="@AfterMethod logoutFromActiTime" time="-1.643383310521E9">
    <skipped/>
  </testcase> <!-- @AfterMethod logoutFromActiTime -->
  <testcase classname="test.TestNGActiTimeHeader" name="@BeforeMethod launchActiTime" time="-1.643383310526E9">
    <skipped/>
  </testcase> <!-- @BeforeMethod launchActiTime -->
  <testcase classname="test.TestNGActiTimeHeader" name="@AfterMethod logoutFromActiTime" time="-1.643383310539E9">
    <skipped/>
  </testcase> <!-- @AfterMethod logoutFromActiTime -->
  <testcase classname="test.TestNGActiTimeHeader" name="@AfterClass clearObjects" time="-1.643383310546E9">
    <skipped/>
  </testcase> <!-- @AfterClass clearObjects -->
  <testcase classname="test.TestNGActiTimeHeader" name="@AfterTest afterClass" time="-1.643383310553E9">
    <skipped/>
  </testcase> <!-- @AfterTest afterClass -->
  <testcase classname="test.TestNGActiTimeHeader" name="toVerifyReportTab" time="0.0">
    <skipped/>
  </testcase> <!-- toVerifyReportTab -->
  <testcase classname="test.TestNGActiTimeHeader" name="toVerifyTaskTab" time="0.0">
    <skipped/>
  </testcase> <!-- toVerifyTaskTab -->
  <testcase classname="test.TestNGActiTimeHeader" name="toVerifyUserTab" time="0.0">
    <skipped/>
  </testcase> <!-- toVerifyUserTab -->
</testsuite> <!-- EdgeTest -->
