<?xml version="1.0" encoding="UTF-8"?>
<!-- Generated by org.testng.reporters.JUnitXMLReporter -->
<testsuite ignored="1" hostname="DESKTOP-58C21UF" failures="2" tests="2" name="EdgeTest(failed)" time="15.128" errors="0" timestamp="2022-02-01T15:02:58 IST">
  <testcase classname="test.TestNGActiTimeHeader" name="toVerifyUserTab" time="3.282">
    <failure type="java.lang.AssertionError" message="expected [http://ocalhost/administration/userlist.do] but found [http://localhost/administration/userlist.do]">
      <![CDATA[java.lang.AssertionError: expected [http://ocalhost/administration/userlist.do] but found [http://localhost/administration/userlist.do]
at test.TestNGActiTimeHeader.toVerifyUserTab(TestNGActiTimeHeader.java:92)
at java.base/java.util.ArrayList.forEach(ArrayList.java:1511)
... Removed 33 stack frames]]>
    </failure>
  </testcase> <!-- toVerifyUserTab -->
  <testcase classname="test.TestNGActiTimeHeader" name="toVerifyTaskTab" time="1.604">
    <failure type="java.lang.AssertionError" message="expected [http://localhost/tasks/otasklist.d] but found [http://localhost/tasks/otasklist.do]">
      <![CDATA[java.lang.AssertionError: expected [http://localhost/tasks/otasklist.d] but found [http://localhost/tasks/otasklist.do]
at test.TestNGActiTimeHeader.toVerifyTaskTab(TestNGActiTimeHeader.java:132)
at java.base/java.util.ArrayList.forEach(ArrayList.java:1511)
... Removed 33 stack frames]]>
    </failure>
  </testcase> <!-- toVerifyTaskTab -->
  <testcase classname="test.TestNGActiTimeHeader" name="toVerifyReportTab" time="0.0">
    <ignored/>
  </testcase> <!-- toVerifyReportTab -->
</testsuite> <!-- EdgeTest(failed) -->
